[2026-03-27 14:39:48] === AutoResearch 自动同步开始 ===
[2026-03-27 14:39:50] Commit: [main 8ab9f6f] Auto sync: 2026-03-27 14:39
[2026-03-27 14:39:52] Push 成功:  26 files changed, 963 insertions(+)
[2026-03-27 14:39:52] === 同步完成 ===
[2026-03-27 15:00:11] === AutoResearch 自动同步开始 ===
[2026-03-27 15:00:13] 无变更，跳过提交
[2026-03-27 16:17:03] === AutoResearch 自动同步开始 ===
[2026-03-27 16:17:04] Commit: [main fbc928f] Auto sync: 2026-03-27 16:17
[2026-03-27 16:17:30] Push 成功:  6 files changed, 2061 insertions(+)
[2026-03-27 16:17:30] === 同步完成 ===
[2026-03-30 11:15:17] === AutoResearch 自动同步开始 ===
[2026-03-30 11:15:18] 无变更，跳过提交
[2026-03-30 12:08:00] === AutoResearch 自动同步开始 ===
[2026-03-30 12:08:02] Commit: [main f2ca79f] Auto sync: 2026-03-30 12:08
[2026-03-30 12:08:22] ERROR: push 失败: fatal: unable to access 'https://github.com/WATE88/auto-research-qclaw.git/': Recv failure: Connection was aborted
[2026-04-01 15:00:07] === AutoResearch 自动同步开始 ===
[2026-04-01 15:00:07] Commit: [main aad3802] Auto sync: 2026-04-01 15:00
[2026-04-01 15:00:27] ERROR: push 失败: fatal: unable to access 'https://github.com/WATE88/auto-research-qclaw.git/': Recv failure: Connection was aborted
[2026-04-01 16:28:33] === AutoResearch 自动同步开始 ===
[2026-04-01 16:28:34] 无变更，跳过提交
[2026-04-01 16:29:26] === AutoResearch 自动同步开始 ===
[2026-04-01 16:29:27] 无变更，跳过提交
[2026-04-01 16:29:38] === AutoResearch 自动同步开始 ===
[2026-04-01 16:29:38] 无变更，跳过提交
[2026-04-07 11:23:51] === AutoResearch 自动同步开始 ===
[2026-04-07 11:23:52] 无变更，跳过提交
[2026-04-07 15:01:50] === AutoResearch 自动同步开始 ===
[2026-04-07 15:01:51] 无变更，跳过提交
[2026-04-08 15:01:49] === AutoResearch 自动同步开始 ===
[2026-04-08 15:01:51] 无变更，跳过提交
[2026-04-10 15:00:18] === AutoResearch 自动同步开始 ===
[2026-04-10 15:00:19] 无变更，跳过提交
[2026-04-13 11:09:22] === AutoResearch 自动同步开始 ===
[2026-04-13 11:09:22] 无变更，跳过提交
[2026-04-13 15:00:08] === AutoResearch 自动同步开始 ===
[2026-04-13 15:00:09] 无变更，跳过提交
[2026-04-14 15:01:47] === AutoResearch 自动同步开始 ===
[2026-04-14 15:01:48] 无变更，跳过提交
[2026-04-15 15:00:09] === AutoResearch 自动同步开始 ===
[2026-04-15 15:00:10] 无变更，跳过提交
[2026-04-16 15:00:09] === AutoResearch 自动同步开始 ===
[2026-04-16 15:00:10] 无变更，跳过提交
[2026-04-17 15:00:14] === AutoResearch 自动同步开始 ===
[2026-04-17 15:00:15] 无变更，跳过提交
